<?xml version="1.0" encoding="UTF-8"?>
<testng-results ignored="0" total="4" passed="4" failed="0" skipped="0">
  <reporter-output>
  </reporter-output>
  <suite started-at="2021-04-23T15:53:25Z" name="Suite" finished-at="2021-04-23T15:53:46Z" duration-ms="21670">
    <groups>
    </groups>
    <test started-at="2021-04-23T15:53:25Z" name="Test" finished-at="2021-04-23T15:53:46Z" duration-ms="21670">
      <class name="Maven.ZenQ.Currency_Converter">
        <test-method signature="openBrowser()[pri:0, instance:Maven.ZenQ.Currency_Converter@5d10455d]" started-at="2021-04-23T15:53:25Z" name="openBrowser" finished-at="2021-04-23T15:53:25Z" duration-ms="184" status="PASS">
          <reporter-output>
          </reporter-output>
        </test-method> <!-- openBrowser -->
        <test-method signature="getUrl()[pri:1, instance:Maven.ZenQ.Currency_Converter@5d10455d]" started-at="2021-04-23T15:53:25Z" name="getUrl" finished-at="2021-04-23T15:53:30Z" duration-ms="5106" status="PASS">
          <reporter-output>
          </reporter-output>
        </test-method> <!-- getUrl -->
        <test-method signature="checkingFeatures(java.lang.String)[pri:2, instance:Maven.ZenQ.Currency_Converter@5d10455d]" started-at="2021-04-23T15:53:30Z" name="checkingFeatures" finished-at="2021-04-23T15:53:36Z" duration-ms="5412" status="PASS">
          <params>
            <param index="0">
              <value>
                <![CDATA[iPhone]]>
              </value>
            </param>
          </params>
          <reporter-output>
          </reporter-output>
        </test-method> <!-- checkingFeatures -->
        <test-method signature="changeCurrency()[pri:3, instance:Maven.ZenQ.Currency_Converter@5d10455d]" started-at="2021-04-23T15:53:36Z" name="changeCurrency" finished-at="2021-04-23T15:53:46Z" duration-ms="10932" status="PASS">
          <reporter-output>
          </reporter-output>
        </test-method> <!-- changeCurrency -->
      </class> <!-- Maven.ZenQ.Currency_Converter -->
    </test> <!-- Test -->
  </suite> <!-- Suite -->
</testng-results>
